2022-09-23 23:50:55.062  INFO 1776 --- [restartedMain] c.r.admin.RopvatikaBackEndApplication    : Starting RopvatikaBackEndApplication using Java 17.0.4 on DESKTOP-34QPR14 with PID 1776 (E:\Ropvatika\RopvatikaProject\RopvatikaWebParent\RopvatikaBackEnd\target\classes started by USER in E:\Ropvatika\RopvatikaProject\RopvatikaWebParent\RopvatikaBackEnd)
2022-09-23 23:50:55.063  INFO 1776 --- [restartedMain] c.r.admin.RopvatikaBackEndApplication    : No active profile set, falling back to 1 default profile: "default"
2022-09-23 23:50:55.695  INFO 1776 --- [restartedMain] .s.d.r.c.RepositoryConfigurationDelegate : Bootstrapping Spring Data JPA repositories in DEFAULT mode.
2022-09-23 23:50:55.741  INFO 1776 --- [restartedMain] .s.d.r.c.RepositoryConfigurationDelegate : Finished Spring Data repository scanning in 44 ms. Found 3 JPA repository interfaces.
2022-09-23 23:50:56.074  INFO 1776 --- [restartedMain] o.s.b.w.embedded.tomcat.TomcatWebServer  : Tomcat initialized with port(s): 8020 (http)
2022-09-23 23:50:56.079  INFO 1776 --- [restartedMain] o.apache.catalina.core.StandardService   : Starting service [Tomcat]
2022-09-23 23:50:56.079  INFO 1776 --- [restartedMain] org.apache.catalina.core.StandardEngine  : Starting Servlet engine: [Apache Tomcat/9.0.65]
2022-09-23 23:50:56.193  INFO 1776 --- [restartedMain] o.a.c.c.C.[.[.[/RopvatikaAdmin]          : Initializing Spring embedded WebApplicationContext
2022-09-23 23:50:56.194  INFO 1776 --- [restartedMain] w.s.c.ServletWebServerApplicationContext : Root WebApplicationContext: initialization completed in 1097 ms
2022-09-23 23:50:56.416  INFO 1776 --- [restartedMain] o.hibernate.jpa.internal.util.LogHelper  : HHH000204: Processing PersistenceUnitInfo [name: default]
2022-09-23 23:50:56.441  INFO 1776 --- [restartedMain] com.zaxxer.hikari.HikariDataSource       : HikariPool-2 - Starting...
2022-09-23 23:50:56.494  INFO 1776 --- [restartedMain] com.zaxxer.hikari.HikariDataSource       : HikariPool-2 - Start completed.
2022-09-23 23:50:56.495  INFO 1776 --- [restartedMain] org.hibernate.dialect.Dialect            : HHH000400: Using dialect: org.hibernate.dialect.MySQL8Dialect
2022-09-23 23:50:56.914  INFO 1776 --- [restartedMain] o.h.e.t.j.p.i.JtaPlatformInitiator       : HHH000490: Using JtaPlatform implementation: [org.hibernate.engine.transaction.jta.platform.internal.NoJtaPlatform]
2022-09-23 23:50:56.915  INFO 1776 --- [restartedMain] j.LocalContainerEntityManagerFactoryBean : Initialized JPA EntityManagerFactory for persistence unit 'default'
2022-09-23 23:50:56.983  WARN 1776 --- [restartedMain] JpaBaseConfiguration$JpaWebConfiguration : spring.jpa.open-in-view is enabled by default. Therefore, database queries may be performed during view rendering. Explicitly configure spring.jpa.open-in-view to disable this warning
2022-09-23 23:50:57.287  WARN 1776 --- [restartedMain] o.s.s.c.a.web.builders.WebSecurity       : You are asking Spring Security to ignore Ant [pattern='/images/**']. This is not recommended -- please use permitAll via HttpSecurity#authorizeHttpRequests instead.
2022-09-23 23:50:57.288  INFO 1776 --- [restartedMain] o.s.s.web.DefaultSecurityFilterChain     : Will not secure Ant [pattern='/images/**']
2022-09-23 23:50:57.288  WARN 1776 --- [restartedMain] o.s.s.c.a.web.builders.WebSecurity       : You are asking Spring Security to ignore Ant [pattern='/js/**']. This is not recommended -- please use permitAll via HttpSecurity#authorizeHttpRequests instead.
2022-09-23 23:50:57.288  INFO 1776 --- [restartedMain] o.s.s.web.DefaultSecurityFilterChain     : Will not secure Ant [pattern='/js/**']
2022-09-23 23:50:57.288  WARN 1776 --- [restartedMain] o.s.s.c.a.web.builders.WebSecurity       : You are asking Spring Security to ignore Ant [pattern='/webjars/**']. This is not recommended -- please use permitAll via HttpSecurity#authorizeHttpRequests instead.
2022-09-23 23:50:57.288  INFO 1776 --- [restartedMain] o.s.s.web.DefaultSecurityFilterChain     : Will not secure Ant [pattern='/webjars/**']
2022-09-23 23:50:57.313  INFO 1776 --- [restartedMain] o.s.s.web.DefaultSecurityFilterChain     : Will secure any request with [org.springframework.security.web.session.DisableEncodeUrlFilter@4c965be0, org.springframework.security.web.context.request.async.WebAsyncManagerIntegrationFilter@70705f40, org.springframework.security.web.context.SecurityContextPersistenceFilter@78dff748, org.springframework.security.web.header.HeaderWriterFilter@56c484e6, org.springframework.security.web.csrf.CsrfFilter@5c725136, org.springframework.security.web.authentication.logout.LogoutFilter@77ef9cf1, org.springframework.security.web.authentication.UsernamePasswordAuthenticationFilter@67620948, org.springframework.security.web.savedrequest.RequestCacheAwareFilter@63cd42a6, org.springframework.security.web.servletapi.SecurityContextHolderAwareRequestFilter@115c098d, org.springframework.security.web.authentication.rememberme.RememberMeAuthenticationFilter@35e2473e, org.springframework.security.web.authentication.AnonymousAuthenticationFilter@72f304f, org.springframework.security.web.session.SessionManagementFilter@36eaeb42, org.springframework.security.web.access.ExceptionTranslationFilter@3931356, org.springframework.security.web.access.intercept.FilterSecurityInterceptor@1325ffe5]
2022-09-23 23:50:57.478  INFO 1776 --- [restartedMain] o.s.b.a.w.s.WelcomePageHandlerMapping    : Adding welcome page template: index
2022-09-23 23:50:58.201  INFO 1776 --- [restartedMain] o.s.b.d.a.OptionalLiveReloadServer       : LiveReload server is running on port 35729
2022-09-23 23:50:58.239  INFO 1776 --- [restartedMain] o.s.b.w.embedded.tomcat.TomcatWebServer  : Tomcat started on port(s): 8020 (http) with context path '/RopvatikaAdmin'
2022-09-23 23:50:58.254  INFO 1776 --- [restartedMain] c.r.admin.RopvatikaBackEndApplication    : Started RopvatikaBackEndApplication in 3.322 seconds (JVM running for 459.96)
2022-09-23 23:50:58.259  INFO 1776 --- [restartedMain] .ConditionEvaluationDeltaLoggingListener : Condition evaluation unchanged
2022-09-23 23:58:23.315  INFO 1776 --- [File Watcher] rtingClassPathChangeChangedEventListener : Restarting due to 1 class path change (0 additions, 0 deletions, 1 modification)
2022-09-23 23:58:23.389  INFO 1776 --- [Thread-7] o.apache.catalina.core.StandardService   : Stopping service [Tomcat]
2022-09-23 23:58:23.419  INFO 1776 --- [Thread-7] j.LocalContainerEntityManagerFactoryBean : Closing JPA EntityManagerFactory for persistence unit 'default'
2022-09-23 23:58:23.420  INFO 1776 --- [Thread-7] com.zaxxer.hikari.HikariDataSource       : HikariPool-2 - Shutdown initiated...
2022-09-23 23:58:23.451  INFO 1776 --- [Thread-7] com.zaxxer.hikari.HikariDataSource       : HikariPool-2 - Shutdown completed.
2022-09-23 23:58:23.801  INFO 1776 --- [restartedMain] c.r.admin.RopvatikaBackEndApplication    : Starting RopvatikaBackEndApplication using Java 17.0.4 on DESKTOP-34QPR14 with PID 1776 (E:\Ropvatika\RopvatikaProject\RopvatikaWebParent\RopvatikaBackEnd\target\classes started by USER in E:\Ropvatika\RopvatikaProject\RopvatikaWebParent\RopvatikaBackEnd)
2022-09-23 23:58:23.802  INFO 1776 --- [restartedMain] c.r.admin.RopvatikaBackEndApplication    : No active profile set, falling back to 1 default profile: "default"
2022-09-23 23:58:24.401  INFO 1776 --- [restartedMain] .s.d.r.c.RepositoryConfigurationDelegate : Bootstrapping Spring Data JPA repositories in DEFAULT mode.
2022-09-23 23:58:24.426  INFO 1776 --- [restartedMain] .s.d.r.c.RepositoryConfigurationDelegate : Finished Spring Data repository scanning in 24 ms. Found 3 JPA repository interfaces.
2022-09-23 23:58:24.693  INFO 1776 --- [restartedMain] o.s.b.w.embedded.tomcat.TomcatWebServer  : Tomcat initialized with port(s): 8020 (http)
2022-09-23 23:58:24.695  INFO 1776 --- [restartedMain] o.apache.catalina.core.StandardService   : Starting service [Tomcat]
2022-09-23 23:58:24.695  INFO 1776 --- [restartedMain] org.apache.catalina.core.StandardEngine  : Starting Servlet engine: [Apache Tomcat/9.0.65]
2022-09-23 23:58:24.740  INFO 1776 --- [restartedMain] o.a.c.c.C.[.[.[/RopvatikaAdmin]          : Initializing Spring embedded WebApplicationContext
2022-09-23 23:58:24.740  INFO 1776 --- [restartedMain] w.s.c.ServletWebServerApplicationContext : Root WebApplicationContext: initialization completed in 910 ms
2022-09-23 23:58:24.875  INFO 1776 --- [restartedMain] o.hibernate.jpa.internal.util.LogHelper  : HHH000204: Processing PersistenceUnitInfo [name: default]
2022-09-23 23:58:24.897  INFO 1776 --- [restartedMain] com.zaxxer.hikari.HikariDataSource       : HikariPool-3 - Starting...
2022-09-23 23:58:24.987  INFO 1776 --- [restartedMain] com.zaxxer.hikari.HikariDataSource       : HikariPool-3 - Start completed.
2022-09-23 23:58:24.988  INFO 1776 --- [restartedMain] org.hibernate.dialect.Dialect            : HHH000400: Using dialect: org.hibernate.dialect.MySQL8Dialect
2022-09-23 23:58:25.226  INFO 1776 --- [restartedMain] o.h.e.t.j.p.i.JtaPlatformInitiator       : HHH000490: Using JtaPlatform implementation: [org.hibernate.engine.transaction.jta.platform.internal.NoJtaPlatform]
2022-09-23 23:58:25.227  INFO 1776 --- [restartedMain] j.LocalContainerEntityManagerFactoryBean : Initialized JPA EntityManagerFactory for persistence unit 'default'
2022-09-23 23:58:25.338  WARN 1776 --- [restartedMain] JpaBaseConfiguration$JpaWebConfiguration : spring.jpa.open-in-view is enabled by default. Therefore, database queries may be performed during view rendering. Explicitly configure spring.jpa.open-in-view to disable this warning
2022-09-23 23:58:25.641  WARN 1776 --- [restartedMain] o.s.s.c.a.web.builders.WebSecurity       : You are asking Spring Security to ignore Ant [pattern='/images/**']. This is not recommended -- please use permitAll via HttpSecurity#authorizeHttpRequests instead.
2022-09-23 23:58:25.641  INFO 1776 --- [restartedMain] o.s.s.web.DefaultSecurityFilterChain     : Will not secure Ant [pattern='/images/**']
2022-09-23 23:58:25.642  WARN 1776 --- [restartedMain] o.s.s.c.a.web.builders.WebSecurity       : You are asking Spring Security to ignore Ant [pattern='/js/**']. This is not recommended -- please use permitAll via HttpSecurity#authorizeHttpRequests instead.
2022-09-23 23:58:25.646  INFO 1776 --- [restartedMain] o.s.s.web.DefaultSecurityFilterChain     : Will not secure Ant [pattern='/js/**']
2022-09-23 23:58:25.646  WARN 1776 --- [restartedMain] o.s.s.c.a.web.builders.WebSecurity       : You are asking Spring Security to ignore Ant [pattern='/webjars/**']. This is not recommended -- please use permitAll via HttpSecurity#authorizeHttpRequests instead.
2022-09-23 23:58:25.647  INFO 1776 --- [restartedMain] o.s.s.web.DefaultSecurityFilterChain     : Will not secure Ant [pattern='/webjars/**']
2022-09-23 23:58:25.687  INFO 1776 --- [restartedMain] o.s.s.web.DefaultSecurityFilterChain     : Will secure any request with [org.springframework.security.web.session.DisableEncodeUrlFilter@69c14d19, org.springframework.security.web.context.request.async.WebAsyncManagerIntegrationFilter@133515fe, org.springframework.security.web.context.SecurityContextPersistenceFilter@16acfc21, org.springframework.security.web.header.HeaderWriterFilter@3f3f337, org.springframework.security.web.csrf.CsrfFilter@619b7cd0, org.springframework.security.web.authentication.logout.LogoutFilter@2bbef0a2, org.springframework.security.web.authentication.UsernamePasswordAuthenticationFilter@5e19deac, org.springframework.security.web.savedrequest.RequestCacheAwareFilter@49963a9e, org.springframework.security.web.servletapi.SecurityContextHolderAwareRequestFilter@55e002d0, org.springframework.security.web.authentication.rememberme.RememberMeAuthenticationFilter@459b6dcc, org.springframework.security.web.authentication.AnonymousAuthenticationFilter@349558a, org.springframework.security.web.session.SessionManagementFilter@2ceb7890, org.springframework.security.web.access.ExceptionTranslationFilter@242f794b, org.springframework.security.web.access.intercept.FilterSecurityInterceptor@69d27b84]
2022-09-23 23:58:25.821  INFO 1776 --- [restartedMain] o.s.b.a.w.s.WelcomePageHandlerMapping    : Adding welcome page template: index
2022-09-23 23:58:26.406  INFO 1776 --- [restartedMain] o.s.b.d.a.OptionalLiveReloadServer       : LiveReload server is running on port 35729
2022-09-23 23:58:26.436  INFO 1776 --- [restartedMain] o.s.b.w.embedded.tomcat.TomcatWebServer  : Tomcat started on port(s): 8020 (http) with context path '/RopvatikaAdmin'
2022-09-23 23:58:26.446  INFO 1776 --- [restartedMain] c.r.admin.RopvatikaBackEndApplication    : Started RopvatikaBackEndApplication in 2.801 seconds (JVM running for 908.153)
2022-09-23 23:58:26.455  INFO 1776 --- [restartedMain] .ConditionEvaluationDeltaLoggingListener : Condition evaluation unchanged
2022-09-23 23:58:47.007  INFO 1776 --- [RMI TCP Connection(31)-127.0.0.1] inMXBeanRegistrar$SpringApplicationAdmin : Application shutdown requested.
2022-09-23 23:58:47.030  INFO 1776 --- [RMI TCP Connection(31)-127.0.0.1] o.apache.catalina.core.StandardService   : Stopping service [Tomcat]
2022-09-23 23:58:47.046  INFO 1776 --- [RMI TCP Connection(31)-127.0.0.1] j.LocalContainerEntityManagerFactoryBean : Closing JPA EntityManagerFactory for persistence unit 'default'
2022-09-23 23:58:47.047  INFO 1776 --- [RMI TCP Connection(31)-127.0.0.1] com.zaxxer.hikari.HikariDataSource       : HikariPool-3 - Shutdown initiated...
2022-09-23 23:58:47.073  INFO 1776 --- [RMI TCP Connection(31)-127.0.0.1] com.zaxxer.hikari.HikariDataSource       : HikariPool-3 - Shutdown completed.
2022-09-23 23:58:52.493  INFO 5876 --- [restartedMain] c.r.admin.RopvatikaBackEndApplication    : Starting RopvatikaBackEndApplication using Java 17.0.4 on DESKTOP-34QPR14 with PID 5876 (E:\Ropvatika\RopvatikaProject\RopvatikaWebParent\RopvatikaBackEnd\target\classes started by USER in E:\Ropvatika\RopvatikaProject\RopvatikaWebParent\RopvatikaBackEnd)
2022-09-23 23:58:52.501  INFO 5876 --- [restartedMain] c.r.admin.RopvatikaBackEndApplication    : No active profile set, falling back to 1 default profile: "default"
2022-09-23 23:58:52.691  INFO 5876 --- [restartedMain] .e.DevToolsPropertyDefaultsPostProcessor : Devtools property defaults active! Set 'spring.devtools.add-properties' to 'false' to disable
2022-09-23 23:58:52.692  INFO 5876 --- [restartedMain] .e.DevToolsPropertyDefaultsPostProcessor : For additional web related logging consider setting the 'logging.level.web' property to 'DEBUG'
2022-09-23 23:58:54.303  INFO 5876 --- [restartedMain] .s.d.r.c.RepositoryConfigurationDelegate : Bootstrapping Spring Data JPA repositories in DEFAULT mode.
2022-09-23 23:58:54.459  INFO 5876 --- [restartedMain] .s.d.r.c.RepositoryConfigurationDelegate : Finished Spring Data repository scanning in 123 ms. Found 3 JPA repository interfaces.
2022-09-23 23:58:55.861  INFO 5876 --- [restartedMain] o.s.b.w.embedded.tomcat.TomcatWebServer  : Tomcat initialized with port(s): 8020 (http)
2022-09-23 23:58:55.883  INFO 5876 --- [restartedMain] o.apache.catalina.core.StandardService   : Starting service [Tomcat]
2022-09-23 23:58:55.883  INFO 5876 --- [restartedMain] org.apache.catalina.core.StandardEngine  : Starting Servlet engine: [Apache Tomcat/9.0.65]
2022-09-23 23:58:56.128  INFO 5876 --- [restartedMain] o.a.c.c.C.[.[.[/RopvatikaAdmin]          : Initializing Spring embedded WebApplicationContext
2022-09-23 23:58:56.129  INFO 5876 --- [restartedMain] w.s.c.ServletWebServerApplicationContext : Root WebApplicationContext: initialization completed in 3436 ms
2022-09-23 23:58:56.551  INFO 5876 --- [restartedMain] o.hibernate.jpa.internal.util.LogHelper  : HHH000204: Processing PersistenceUnitInfo [name: default]
2022-09-23 23:58:56.663  INFO 5876 --- [restartedMain] org.hibernate.Version                    : HHH000412: Hibernate ORM core version 5.6.10.Final
2022-09-23 23:58:56.998  INFO 5876 --- [restartedMain] o.hibernate.annotations.common.Version   : HCANN000001: Hibernate Commons Annotations {5.1.2.Final}
2022-09-23 23:58:57.231  INFO 5876 --- [restartedMain] com.zaxxer.hikari.HikariDataSource       : HikariPool-1 - Starting...
2022-09-23 23:58:57.953  INFO 5876 --- [restartedMain] com.zaxxer.hikari.HikariDataSource       : HikariPool-1 - Start completed.
2022-09-23 23:58:57.990  INFO 5876 --- [restartedMain] org.hibernate.dialect.Dialect            : HHH000400: Using dialect: org.hibernate.dialect.MySQL8Dialect
2022-09-23 23:59:00.042  INFO 5876 --- [restartedMain] o.h.e.t.j.p.i.JtaPlatformInitiator       : HHH000490: Using JtaPlatform implementation: [org.hibernate.engine.transaction.jta.platform.internal.NoJtaPlatform]
2022-09-23 23:59:00.064  INFO 5876 --- [restartedMain] j.LocalContainerEntityManagerFactoryBean : Initialized JPA EntityManagerFactory for persistence unit 'default'
2022-09-23 23:59:00.205  WARN 5876 --- [restartedMain] JpaBaseConfiguration$JpaWebConfiguration : spring.jpa.open-in-view is enabled by default. Therefore, database queries may be performed during view rendering. Explicitly configure spring.jpa.open-in-view to disable this warning
2022-09-23 23:59:01.606  WARN 5876 --- [restartedMain] o.s.s.c.a.web.builders.WebSecurity       : You are asking Spring Security to ignore Ant [pattern='/images/**']. This is not recommended -- please use permitAll via HttpSecurity#authorizeHttpRequests instead.
2022-09-23 23:59:01.608  INFO 5876 --- [restartedMain] o.s.s.web.DefaultSecurityFilterChain     : Will not secure Ant [pattern='/images/**']
2022-09-23 23:59:01.610  WARN 5876 --- [restartedMain] o.s.s.c.a.web.builders.WebSecurity       : You are asking Spring Security to ignore Ant [pattern='/js/**']. This is not recommended -- please use permitAll via HttpSecurity#authorizeHttpRequests instead.
2022-09-23 23:59:01.610  INFO 5876 --- [restartedMain] o.s.s.web.DefaultSecurityFilterChain     : Will not secure Ant [pattern='/js/**']
2022-09-23 23:59:01.610  WARN 5876 --- [restartedMain] o.s.s.c.a.web.builders.WebSecurity       : You are asking Spring Security to ignore Ant [pattern='/webjars/**']. This is not recommended -- please use permitAll via HttpSecurity#authorizeHttpRequests instead.
2022-09-23 23:59:01.610  INFO 5876 --- [restartedMain] o.s.s.web.DefaultSecurityFilterChain     : Will not secure Ant [pattern='/webjars/**']
2022-09-23 23:59:01.760  INFO 5876 --- [restartedMain] o.s.s.web.DefaultSecurityFilterChain     : Will secure any request with [org.springframework.security.web.session.DisableEncodeUrlFilter@3bdbbb12, org.springframework.security.web.context.request.async.WebAsyncManagerIntegrationFilter@7c3308cd, org.springframework.security.web.context.SecurityContextPersistenceFilter@6cad2cf9, org.springframework.security.web.header.HeaderWriterFilter@5358d652, org.springframework.security.web.csrf.CsrfFilter@211c3535, org.springframework.security.web.authentication.logout.LogoutFilter@6e467def, org.springframework.security.web.authentication.UsernamePasswordAuthenticationFilter@65ca0ce7, org.springframework.security.web.savedrequest.RequestCacheAwareFilter@31c05bad, org.springframework.security.web.servletapi.SecurityContextHolderAwareRequestFilter@76ac47e1, org.springframework.security.web.authentication.rememberme.RememberMeAuthenticationFilter@2d1619c4, org.springframework.security.web.authentication.AnonymousAuthenticationFilter@1049226e, org.springframework.security.web.session.SessionManagementFilter@d1e1e95, org.springframework.security.web.access.ExceptionTranslationFilter@72d86097, org.springframework.security.web.access.intercept.FilterSecurityInterceptor@4ad558f7]
2022-09-23 23:59:02.218  INFO 5876 --- [restartedMain] o.s.b.a.w.s.WelcomePageHandlerMapping    : Adding welcome page template: index
2022-09-23 23:59:03.684  INFO 5876 --- [restartedMain] o.s.b.d.a.OptionalLiveReloadServer       : LiveReload server is running on port 35729
2022-09-23 23:59:03.796  INFO 5876 --- [restartedMain] o.s.b.w.embedded.tomcat.TomcatWebServer  : Tomcat started on port(s): 8020 (http) with context path '/RopvatikaAdmin'
2022-09-23 23:59:03.834  INFO 5876 --- [restartedMain] c.r.admin.RopvatikaBackEndApplication    : Started RopvatikaBackEndApplication in 12.276 seconds (JVM running for 14.122)
2022-09-23 23:59:14.023  INFO 5876 --- [http-nio-8020-exec-1] o.a.c.c.C.[.[.[/RopvatikaAdmin]          : Initializing Spring DispatcherServlet 'dispatcherServlet'
2022-09-23 23:59:14.024  INFO 5876 --- [http-nio-8020-exec-1] o.s.web.servlet.DispatcherServlet        : Initializing Servlet 'dispatcherServlet'
2022-09-23 23:59:14.029  INFO 5876 --- [http-nio-8020-exec-1] o.s.web.servlet.DispatcherServlet        : Completed initialization in 5 ms
